- Log4jTest.java trace 레벨
- Log4jTest.java debug 레벨
- Log4jTest.java info 레벨
- Log4jTest.java warn 레벨
- Log4jTest.java fatal 레벨
- Log4jTest.java trace 레벨
- Log4jTest.java debug 레벨
- Log4jTest.java info 레벨
- Log4jTest.java warn 레벨
- Log4jTest.java fatal 레벨
- Log4jTest.java trace 레벨
- Log4jTest.java debug 레벨
- Log4jTest.java info 레벨
- Log4jTest.java warn 레벨
- Log4jTest.java fatal 레벨
- Log4jTest.java trace 레벨
- Log4jTest.java debug 레벨
- Log4jTest.java info 레벨
- Log4jTest.java warn 레벨
- Log4jTest.java fatal 레벨
- Log4jTest.java trace 레벨
- Log4jTest.java debug 레벨
- Log4jTest.java info 레벨
- Log4jTest.java warn 레벨
- Log4jTest.java fatal 레벨
- Log4jTest.java trace 레벨
- Log4jTest.java debug 레벨
- Log4jTest.java info 레벨
- Log4jTest.java warn 레벨
- Log4jTest.java fatal 레벨
- Log4jTest.java trace 레벨
- Log4jTest.java debug 레벨
- Log4jTest.java info 레벨
- Log4jTest.java warn 레벨
- Log4jTest.java fatal 레벨
- Log4jTest.java trace 레벨
- Log4jTest.java debug 레벨
- Log4jTest.java info 레벨
- Log4jTest.java warn 레벨
- Log4jTest.java fatal 레벨
- Log4jTest.java trace 레벨
- Log4jTest.java debug 레벨
- Log4jTest.java info 레벨
- Log4jTest.java warn 레벨
- Log4jTest.java fatal 레벨
- Log4jTest.java trace 레벨
- Log4jTest.java debug 레벨
- Log4jTest.java info 레벨
- Log4jTest.java warn 레벨
- Log4jTest.java fatal 레벨
- Log4jTest.java trace 레벨
- Log4jTest.java debug 레벨
- Log4jTest.java info 레벨
- Log4jTest.java warn 레벨
- Log4jTest.java fatal 레벨
- Log4jTest.java trace 레벨
- Log4jTest.java debug 레벨
- Log4jTest.java info 레벨
- Log4jTest.java warn 레벨
- Log4jTest.java fatal 레벨
